<?xml version="1.0" encoding="UTF-8"?>
<testsuite xmlns:xsi="http://www.w3.org/2001/XMLSchema-instance" xsi:noNamespaceSchemaLocation="https://maven.apache.org/surefire/maven-surefire-plugin/xsd/surefire-test-report-3.0.xsd" version="3.0" name="testrunner.TestRunner" time="98.512" tests="6" errors="0" skipped="0" failures="0">
  <properties>
[...]
</properties>
  <testcase name="Successfully login with crediantals #1" classname="Login with valid crediantals" time="24.003">
    <system-out><![CDATA[
@sanity
Scenario Outline: Successfully login with crediantals                  # Features/LoginFeatureUsingExcel.feature:14
  Given User opens browser "chrome"                                    # stepDefinition.Steps.user_opens_browser(java.lang.String)
  And User provides URL "URL"                                          # stepDefinition.Steps.user_provides_url(java.lang.String)
  When User navigates to my accountant menu                            # stepDefinition.Steps.user_navigates_to_my_accountant_menu()
  And User clicks on my account                                        # stepDefinition.Steps.user_clicks_on_my_account()
  And User clicks on login                                             # stepDefinition.Steps.user_clicks_on_login()
  Then User navigates to my account page by providing user details "1" # stepDefinition.Steps.user_navigates_to_my_account_page_by_providing_user_details(java.lang.String)
]]></system-out>
  </testcase>
  <testcase name="Successfully login with crediantals #2" classname="Login with valid crediantals" time="19.186">
    <system-out><![CDATA[
@sanity
Scenario Outline: Successfully login with crediantals                  # Features/LoginFeatureUsingExcel.feature:15
  Given User opens browser "chrome"                                    # stepDefinition.Steps.user_opens_browser(java.lang.String)
  And User provides URL "URL"                                          # stepDefinition.Steps.user_provides_url(java.lang.String)
  When User navigates to my accountant menu                            # stepDefinition.Steps.user_navigates_to_my_accountant_menu()
  And User clicks on my account                                        # stepDefinition.Steps.user_clicks_on_my_account()
  And User clicks on login                                             # stepDefinition.Steps.user_clicks_on_login()
  Then User navigates to my account page by providing user details "2" # stepDefinition.Steps.user_navigates_to_my_account_page_by_providing_user_details(java.lang.String)
]]></system-out>
  </testcase>
  <testcase name="Successfully login with crediantals #3" classname="Login with valid crediantals" time="5.4">
    <system-out><![CDATA[
@sanity
Scenario Outline: Successfully login with crediantals                  # Features/LoginFeatureUsingExcel.feature:16
  Given User opens browser "chrome"                                    # stepDefinition.Steps.user_opens_browser(java.lang.String)
  And User provides URL "URL"                                          # stepDefinition.Steps.user_provides_url(java.lang.String)
  When User navigates to my accountant menu                            # stepDefinition.Steps.user_navigates_to_my_accountant_menu()
  And User clicks on my account                                        # stepDefinition.Steps.user_clicks_on_my_account()
  And User clicks on login                                             # stepDefinition.Steps.user_clicks_on_login()
  Then User navigates to my account page by providing user details "3" # stepDefinition.Steps.user_navigates_to_my_account_page_by_providing_user_details(java.lang.String)
]]></system-out>
  </testcase>
  <testcase name="Successfully login with crediantals #1" classname="Login  crediantals" time="4.996">
    <system-out><![CDATA[
@sanity
Scenario Outline: Successfully login with crediantals                         # Features/Loginoutline.feature:16
  Given User opens browser "chrome"                                           # stepDefinition.Steps.user_opens_browser(java.lang.String)
  And User provides URL "URL"                                                 # stepDefinition.Steps.user_provides_url(java.lang.String)
  When User navigates to my accountant menu                                   # stepDefinition.Steps.user_navigates_to_my_accountant_menu()
  And User clicks on my account                                               # stepDefinition.Steps.user_clicks_on_my_account()
  And User clicks on login                                                    # stepDefinition.Steps.user_clicks_on_login()
  And User provides email as "YRHlpUA@gmail.com" and Password as "XfKNnLt@)!" # stepDefinition.Steps.user_provides_email_as_and_password_as(java.lang.String,java.lang.String)
  And click on Login                                                          # stepDefinition.Steps.click_on_login()
  Then User navigates to my account page"valid"                               # stepDefinition.Steps.user_navigates_to_my_account_page_valid()
]]></system-out>
  </testcase>
  <testcase name="Successfully login with crediantals #2" classname="Login  crediantals" time="19.639">
    <system-out><![CDATA[
@sanity
Scenario Outline: Successfully login with crediantals                           # Features/Loginoutline.feature:17
  Given User opens browser "chrome"                                             # stepDefinition.Steps.user_opens_browser(java.lang.String)
  And User provides URL "URL"                                                   # stepDefinition.Steps.user_provides_url(java.lang.String)
  When User navigates to my accountant menu                                     # stepDefinition.Steps.user_navigates_to_my_accountant_menu()
  And User clicks on my account                                                 # stepDefinition.Steps.user_clicks_on_my_account()
  And User clicks on login                                                      # stepDefinition.Steps.user_clicks_on_login()
  And User provides email as "acb@gmail.com" and Password as "XfKNnLt@)!111111" # stepDefinition.Steps.user_provides_email_as_and_password_as(java.lang.String,java.lang.String)
  And click on Login                                                            # stepDefinition.Steps.click_on_login()
  Then User navigates to my account page"invalid"                               # stepDefinition.Steps.user_navigates_to_my_account_page_invalid()
]]></system-out>
  </testcase>
  <testcase name="Successfully login with crediantals #3" classname="Login  crediantals" time="23.741">
    <system-out><![CDATA[
@sanity
Scenario Outline: Successfully login with crediantals                           # Features/Loginoutline.feature:18
  Given User opens browser "chrome"                                             # stepDefinition.Steps.user_opens_browser(java.lang.String)
  And User provides URL "URL"                                                   # stepDefinition.Steps.user_provides_url(java.lang.String)
  When User navigates to my accountant menu                                     # stepDefinition.Steps.user_navigates_to_my_accountant_menu()
  And User clicks on my account                                                 # stepDefinition.Steps.user_clicks_on_my_account()
  And User clicks on login                                                      # stepDefinition.Steps.user_clicks_on_login()
  And User provides email as "YRHlpUA@gmail11.com" and Password as "XfKNnLt@)!" # stepDefinition.Steps.user_provides_email_as_and_password_as(java.lang.String,java.lang.String)
  And click on Login                                                            # stepDefinition.Steps.click_on_login()
  Then User navigates to my account page"invalid"                               # stepDefinition.Steps.user_navigates_to_my_account_page_invalid()
]]></system-out>
  </testcase>
</testsuite>